<?xml version="1.0" encoding="UTF-8"?>
<robot generator="Robot 3.2.2 (Python 3.9.1 on win32)" generated="20210325 13:35:19.752" rpa="false">
<suite id="s1" name="SeleniumConcept" source="D:\B-Mine\Company\Company\Ericsson\robot_workpace\SeleniumConcept">
<suite id="s1-s1" name="Autoit Suite" source="D:\B-Mine\Company\Company\Ericsson\robot_workpace\SeleniumConcept\autoit_suite">
<suite id="s1-s1-s1" name="Autoit Tests" source="D:\B-Mine\Company\Company\Ericsson\robot_workpace\SeleniumConcept\autoit_suite\autoit_tests.robot">
<test id="s1-s1-s1-t1" name="TC2_AutoIT">
<kw name="Append To Environment Variable" library="OperatingSystem">
<doc>Appends given ``values`` to environment variable ``name``.</doc>
<arguments>
<arg>PATH</arg>
<arg>C:\\Components</arg>
</arguments>
<msg timestamp="20210325 13:35:20.225" level="INFO">Environment variable 'PATH' set to value 'C:/Users/JiDi/.p2/pool/plugins/org.eclipse.justj.openjdk.hotspot.jre.full.win32.x86_64_15.0.2.v20210201-0955/jre/bin/server;C:/Users/JiDi/.p2/pool/plugins/org.eclipse.justj.openjdk.hotspot.jre.full.win32.x86_64_15.0.2.v20210201-0955/jre/bin;C:\Program Files (x86)\Common Files\Oracle\Java\javapath;C:\WINDOWS\system32;C:\WINDOWS;C:\WINDOWS\System32\Wbem;C:\WINDOWS\System32\WindowsPowerShell\v1.0\;C:\WINDOWS\System32\OpenSSH\;C:\Program Files\Java\jdk1.8.0_281\bin;C:\Users\JiDi\AppData\Local\Android\Sdk\platform-tools;C:\Users\JiDi\AppData\Local\Android\Sdk\emulator;C:\Program Files\nodejs\;C:\Components\Maven\apache-maven-3.6.3\bin;C:\Program Files\Java\jdk1.8.0_281\bin;C:\Program Files\Git\cmd;C:\Program Files (x86)\Windows Kits\10\Windows Performance Toolkit\;C:\Program Files\Python39;C:\Program Files\Python39\Scripts;C:\Users\JiDi\AppData\Roaming\npm;;C:\Users\JiDi\Desktop;;C:\Components'.</msg>
<status status="PASS" starttime="20210325 13:35:20.224" endtime="20210325 13:35:20.225"></status>
</kw>
<kw name="Open Browser" library="SeleniumLibrary">
<doc>Opens a new browser instance to the optional ``url``.</doc>
<arguments>
<arg>url=http://profit.novactech.in/PROFIT/Home/Home.aspx</arg>
<arg>browser=chrome</arg>
</arguments>
<msg timestamp="20210325 13:35:20.225" level="INFO">Opening browser 'chrome' to base url 'http://profit.novactech.in/PROFIT/Home/Home.aspx'.</msg>
<status status="PASS" starttime="20210325 13:35:20.225" endtime="20210325 13:35:25.383"></status>
</kw>
<kw name="Maximize Browser Window" library="SeleniumLibrary">
<doc>Maximizes current browser window.</doc>
<status status="PASS" starttime="20210325 13:35:25.384" endtime="20210325 13:35:25.508"></status>
</kw>
<kw name="Sleep" library="BuiltIn">
<doc>Pauses the test executed for the given time.</doc>
<arguments>
<arg>2s</arg>
</arguments>
<msg timestamp="20210325 13:35:27.512" level="INFO">Slept 2 seconds</msg>
<status status="PASS" starttime="20210325 13:35:25.509" endtime="20210325 13:35:27.512"></status>
</kw>
<kw name="Send" library="AutoItLibrary">
<doc>method Send</doc>
<arguments>
<arg>John</arg>
</arguments>
<status status="PASS" starttime="20210325 13:35:27.512" endtime="20210325 13:35:27.569"></status>
</kw>
<kw name="Sleep" library="BuiltIn">
<doc>Pauses the test executed for the given time.</doc>
<arguments>
<arg>2s</arg>
</arguments>
<msg timestamp="20210325 13:35:29.571" level="INFO">Slept 2 seconds</msg>
<status status="PASS" starttime="20210325 13:35:27.569" endtime="20210325 13:35:29.571"></status>
</kw>
<kw name="Send" library="AutoItLibrary">
<doc>method Send</doc>
<arguments>
<arg>{TAB}</arg>
</arguments>
<status status="PASS" starttime="20210325 13:35:29.571" endtime="20210325 13:35:29.583"></status>
</kw>
<kw name="Sleep" library="BuiltIn">
<doc>Pauses the test executed for the given time.</doc>
<arguments>
<arg>2s</arg>
</arguments>
<msg timestamp="20210325 13:35:31.585" level="INFO">Slept 2 seconds</msg>
<status status="PASS" starttime="20210325 13:35:29.583" endtime="20210325 13:35:31.585"></status>
</kw>
<kw name="Send" library="AutoItLibrary">
<doc>method Send</doc>
<arguments>
<arg>John123</arg>
</arguments>
<status status="PASS" starttime="20210325 13:35:31.585" endtime="20210325 13:35:31.684"></status>
</kw>
<kw name="Sleep" library="BuiltIn">
<doc>Pauses the test executed for the given time.</doc>
<arguments>
<arg>2s</arg>
</arguments>
<msg timestamp="20210325 13:35:33.687" level="INFO">Slept 2 seconds</msg>
<status status="PASS" starttime="20210325 13:35:31.684" endtime="20210325 13:35:33.687"></status>
</kw>
<kw name="Send" library="AutoItLibrary">
<doc>method Send</doc>
<arguments>
<arg>{ENTER}</arg>
</arguments>
<status status="PASS" starttime="20210325 13:35:33.687" endtime="20210325 13:35:33.705"></status>
</kw>
<status status="PASS" starttime="20210325 13:35:20.223" endtime="20210325 13:35:33.706" critical="yes"></status>
</test>
<status status="PASS" starttime="20210325 13:35:19.825" endtime="20210325 13:35:33.714"></status>
</suite>
<status status="PASS" starttime="20210325 13:35:19.822" endtime="20210325 13:35:33.718"></status>
</suite>
<status status="PASS" starttime="20210325 13:35:19.792" endtime="20210325 13:35:33.722"></status>
</suite>
<statistics>
<total>
<stat pass="1" fail="0">Critical Tests</stat>
<stat pass="1" fail="0">All Tests</stat>
</total>
<tag>
</tag>
<suite>
<stat pass="1" fail="0" id="s1" name="SeleniumConcept">SeleniumConcept</stat>
<stat pass="1" fail="0" id="s1-s1" name="Autoit Suite">SeleniumConcept.Autoit Suite</stat>
<stat pass="1" fail="0" id="s1-s1-s1" name="Autoit Tests">SeleniumConcept.Autoit Suite.Autoit Tests</stat>
</suite>
</statistics>
<errors>
</errors>
</robot>
